  Camera.cpp
  D3D11Application.cpp
c:\users\owner\source\repos\directx11_engine\directx11_engine\d3d11application.cpp(12): warning C4244: '=': conversion from 'float' to 'UINT', possible loss of data
c:\users\owner\source\repos\directx11_engine\directx11_engine\d3d11application.cpp(13): warning C4244: '=': conversion from 'float' to 'UINT', possible loss of data
  D3DCommon.cpp
  Graphics.cpp
c:\users\owner\source\repos\directx11_engine\directx11_engine\graphics.cpp(170): warning C4267: '=': conversion from 'size_t' to 'UINT', possible loss of data
  WinMain.cpp
  Window.cpp
c:\users\owner\source\repos\directx11_engine\directx11_engine\window.cpp(49): warning C4244: '=': conversion from 'double' to 'float', possible loss of data
c:\users\owner\source\repos\directx11_engine\directx11_engine\window.cpp(50): warning C4244: '=': conversion from 'double' to 'float', possible loss of data
c:\users\owner\source\repos\directx11_engine\directx11_engine\window.cpp(51): warning C4244: '=': conversion from 'double' to 'float', possible loss of data
c:\users\owner\source\repos\directx11_engine\directx11_engine\window.cpp(69): warning C4244: 'argument': conversion from 'const INT' to 'float', possible loss of data
c:\users\owner\source\repos\directx11_engine\directx11_engine\window.cpp(154): warning C4244: '=': conversion from 'double' to 'float', possible loss of data
c:\users\owner\source\repos\directx11_engine\directx11_engine\window.cpp(155): warning C4244: '=': conversion from 'double' to 'float', possible loss of data
c:\users\owner\source\repos\directx11_engine\directx11_engine\window.cpp(156): warning C4244: '=': conversion from 'double' to 'float', possible loss of data
c:\users\owner\source\repos\directx11_engine\directx11_engine\window.cpp(182): warning C4244: '=': conversion from 'double' to 'float', possible loss of data
c:\users\owner\source\repos\directx11_engine\directx11_engine\window.cpp(183): warning C4244: '=': conversion from 'double' to 'float', possible loss of data
c:\users\owner\source\repos\directx11_engine\directx11_engine\window.cpp(184): warning C4244: '=': conversion from 'double' to 'float', possible loss of data
  Generating Code...
  DirectX11_Engine.vcxproj -> C:\Users\Owner\source\repos\DirectX11_Engine\x64\Debug\DirectX11_Engine.exe
